<?xml version="1.0" encoding="UTF-8"?>
<!-- Generated by org.testng.reporters.JUnitXMLReporter -->
<testsuite hostname="INW1PF1668EG" name="Command line test" tests="11" failures="4" timestamp="9 Jan 2022 07:22:50 GMT" time="81.369" errors="0">
  <testcase name="userRegistration" time="1.265" classname="qa.tests.RestApiTest"/>
  <testcase name="searchItemAndAddToCart" time="9.866" classname="qa.tests.SampleTest"/>
  <testcase name="userLogin" time="0.255" classname="qa.tests.RestApiTest"/>
  <testcase name="uploadFile" time="2.02" classname="qa.tests.SampleTest"/>
  <testcase name="get_Users" time="0.237" classname="qa.tests.RestApiTest"/>
  <testcase name="createAccount" time="47.103" classname="qa.tests.SampleTest">
    <failure type="org.openqa.selenium.TimeoutException" message="Timed out after 30 seconds waiting for presence of element located by: By.xpath: //h1[text()=&amp;apos;Your Account Has Been Created!&amp;apos;]
Build info: version: &amp;apos;2.53.0&amp;apos;, revision: &amp;apos;35ae25b1534ae328c771e0856c93e187490ca824&amp;apos;, time: &amp;apos;2016-03-15 10:43:46&amp;apos;
System info: host: &amp;apos;INW1PF1668EG&amp;apos;, ip: &amp;apos;10.80.226.4&amp;apos;, os.name: &amp;apos;Windows 10&amp;apos;, os.arch: &amp;apos;amd64&amp;apos;, os.version: &amp;apos;10.0&amp;apos;, java.version: &amp;apos;1.8.0_191-1-ojdkbuild&amp;apos;
Driver info: org.openqa.selenium.chrome.ChromeDriver
Capabilities [{applicationCacheEnabled=false, rotatable=false, mobileEmulationEnabled=false, networkConnectionEnabled=false, chrome={chromedriverVersion=2.36.540470 (e522d04694c7ebea4ba8821272dbef4f9b818c91), userDataDir=C:\Users\avallapr\AppData\Local\Temp\scoped_dir15980_21935}, takesHeapSnapshot=true, pageLoadStrategy=normal, databaseEnabled=false, handlesAlerts=true, hasTouchScreen=false, version=97.0.4692.71, platform=XP, browserConnectionEnabled=false, nativeEvents=true, acceptSslCerts=false, acceptInsecureCerts=false, locationContextEnabled=true, webStorageEnabled=true, browserName=chrome, takesScreenshot=true, javascriptEnabled=true, cssSelectorsEnabled=true, setWindowRect=true, unexpectedAlertBehaviour=}]
Session ID: 163b2d9b8fc4a464bad5eced6efedd52">
      <![CDATA[org.openqa.selenium.TimeoutException: Timed out after 30 seconds waiting for presence of element located by: By.xpath: //h1[text()='Your Account Has Been Created!']
Build info: version: '2.53.0', revision: '35ae25b1534ae328c771e0856c93e187490ca824', time: '2016-03-15 10:43:46'
System info: host: 'INW1PF1668EG', ip: '10.80.226.4', os.name: 'Windows 10', os.arch: 'amd64', os.version: '10.0', java.version: '1.8.0_191-1-ojdkbuild'
Driver info: org.openqa.selenium.chrome.ChromeDriver
Capabilities [{applicationCacheEnabled=false, rotatable=false, mobileEmulationEnabled=false, networkConnectionEnabled=false, chrome={chromedriverVersion=2.36.540470 (e522d04694c7ebea4ba8821272dbef4f9b818c91), userDataDir=C:\Users\avallapr\AppData\Local\Temp\scoped_dir15980_21935}, takesHeapSnapshot=true, pageLoadStrategy=normal, databaseEnabled=false, handlesAlerts=true, hasTouchScreen=false, version=97.0.4692.71, platform=XP, browserConnectionEnabled=false, nativeEvents=true, acceptSslCerts=false, acceptInsecureCerts=false, locationContextEnabled=true, webStorageEnabled=true, browserName=chrome, takesScreenshot=true, javascriptEnabled=true, cssSelectorsEnabled=true, setWindowRect=true, unexpectedAlertBehaviour=}]
Session ID: 163b2d9b8fc4a464bad5eced6efedd52
	at org.openqa.selenium.support.ui.WebDriverWait.timeoutException(WebDriverWait.java:80)
	at org.openqa.selenium.support.ui.FluentWait.until(FluentWait.java:261)
	at qa.tests.SampleTest.createAccount(SampleTest.java:102)
Caused by: org.openqa.selenium.NoSuchElementException: no such element: Unable to locate element: {"method":"xpath","selector":"//h1[text()='Your Account Has Been Created!']"}
  (Session info: chrome=97.0.4692.71)
  (Driver info: chromedriver=2.36.540470 (e522d04694c7ebea4ba8821272dbef4f9b818c91),platform=Windows NT 10.0.19042 x86_64) (WARNING: The server did not provide any stacktrace information)
Command duration or timeout: 20.08 seconds
For documentation on this error, please visit: http://seleniumhq.org/exceptions/no_such_element.html
Build info: version: '2.53.0', revision: '35ae25b1534ae328c771e0856c93e187490ca824', time: '2016-03-15 10:43:46'
System info: host: 'INW1PF1668EG', ip: '10.80.226.4', os.name: 'Windows 10', os.arch: 'amd64', os.version: '10.0', java.version: '1.8.0_191-1-ojdkbuild'
Driver info: org.openqa.selenium.chrome.ChromeDriver
Capabilities [{applicationCacheEnabled=false, rotatable=false, mobileEmulationEnabled=false, networkConnectionEnabled=false, chrome={chromedriverVersion=2.36.540470 (e522d04694c7ebea4ba8821272dbef4f9b818c91), userDataDir=C:\Users\avallapr\AppData\Local\Temp\scoped_dir15980_21935}, takesHeapSnapshot=true, pageLoadStrategy=normal, databaseEnabled=false, handlesAlerts=true, hasTouchScreen=false, version=97.0.4692.71, platform=XP, browserConnectionEnabled=false, nativeEvents=true, acceptSslCerts=false, acceptInsecureCerts=false, locationContextEnabled=true, webStorageEnabled=true, browserName=chrome, takesScreenshot=true, javascriptEnabled=true, cssSelectorsEnabled=true, setWindowRect=true, unexpectedAlertBehaviour=}]
Session ID: 163b2d9b8fc4a464bad5eced6efedd52
*** Element info: {Using=xpath, value=//h1[text()='Your Account Has Been Created!']}
	at org.openqa.selenium.remote.ErrorHandler.createThrowable(ErrorHandler.java:206)
	at org.openqa.selenium.remote.ErrorHandler.throwIfResponseFailed(ErrorHandler.java:158)
	at org.openqa.selenium.remote.RemoteWebDriver.execute(RemoteWebDriver.java:678)
	at org.openqa.selenium.remote.RemoteWebDriver.findElement(RemoteWebDriver.java:363)
	at org.openqa.selenium.remote.RemoteWebDriver.findElementByXPath(RemoteWebDriver.java:500)
	at org.openqa.selenium.By$ByXPath.findElement(By.java:361)
	at org.openqa.selenium.remote.RemoteWebDriver.findElement(RemoteWebDriver.java:355)
	at org.openqa.selenium.support.ui.ExpectedConditions.findElement(ExpectedConditions.java:899)
	at org.openqa.selenium.support.ui.ExpectedConditions.access$000(ExpectedConditions.java:41)
	at org.openqa.selenium.support.ui.ExpectedConditions$6.apply(ExpectedConditions.java:181)
	at org.openqa.selenium.support.ui.ExpectedConditions$6.apply(ExpectedConditions.java:178)
	at org.openqa.selenium.support.ui.FluentWait.until(FluentWait.java:238)
	... 35 more
... Removed 38 stack frames]]>
    </failure>
  </testcase> <!-- createAccount -->
  <testcase name="createUser_Post" time="0.293" classname="qa.tests.RestApiTest">
    <failure type="junit.framework.AssertionFailedError" message="expected:&amp;lt;201&amp;gt; but was:&amp;lt;400&amp;gt;">
      <![CDATA[junit.framework.AssertionFailedError: expected:<201> but was:<400>
	at junit.framework.Assert.fail(Assert.java:50)
	at junit.framework.Assert.failNotEquals(Assert.java:287)
	at junit.framework.Assert.assertEquals(Assert.java:67)
	at junit.framework.Assert.assertEquals(Assert.java:199)
	at junit.framework.Assert.assertEquals(Assert.java:205)
	at qa.tests.RestApiTest.createUser_Post(RestApiTest.java:84)
... Removed 34 stack frames]]>
    </failure>
  </testcase> <!-- createUser_Post -->
  <testcase name="getUser_GET" time="0.222" classname="qa.tests.RestApiTest">
    <failure type="junit.framework.AssertionFailedError" message="expected:&amp;lt;200&amp;gt; but was:&amp;lt;404&amp;gt;">
      <![CDATA[junit.framework.AssertionFailedError: expected:<200> but was:<404>
	at junit.framework.Assert.fail(Assert.java:50)
	at junit.framework.Assert.failNotEquals(Assert.java:287)
	at junit.framework.Assert.assertEquals(Assert.java:67)
	at junit.framework.Assert.assertEquals(Assert.java:199)
	at junit.framework.Assert.assertEquals(Assert.java:205)
	at qa.tests.RestApiTest.getUser_GET(RestApiTest.java:94)
... Removed 34 stack frames]]>
    </failure>
  </testcase> <!-- getUser_GET -->
  <testcase name="updateUser_Put" time="0.238" classname="qa.tests.RestApiTest"/>
  <testcase name="deleteUser_Delete" time="0.205" classname="qa.tests.RestApiTest">
    <failure type="junit.framework.AssertionFailedError" message="expected:&amp;lt;200&amp;gt; but was:&amp;lt;404&amp;gt;">
      <![CDATA[junit.framework.AssertionFailedError: expected:<200> but was:<404>
	at junit.framework.Assert.fail(Assert.java:50)
	at junit.framework.Assert.failNotEquals(Assert.java:287)
	at junit.framework.Assert.assertEquals(Assert.java:67)
	at junit.framework.Assert.assertEquals(Assert.java:199)
	at junit.framework.Assert.assertEquals(Assert.java:205)
	at qa.tests.RestApiTest.deleteUser_Delete(RestApiTest.java:122)
... Removed 34 stack frames]]>
    </failure>
  </testcase> <!-- deleteUser_Delete -->
  <testcase name="getUser_GET_afterDelete" time="0.231" classname="qa.tests.RestApiTest"/>
</testsuite> <!-- Command line test -->
