<!DOCTYPE html PUBLIC "-//W3C//DTD XHTML 1.1//EN" "http://www.w3.org/TR/xhtml11/DTD/xhtml11.dtd">
<html xmlns="http://www.w3.org/1999/xhtml"><head><title>TestNG Report</title><style type="text/css">table {margin-bottom:10px;border-collapse:collapse;empty-cells:show}th,td {border:1px solid #009;padding:.25em .5em}th {vertical-align:bottom}td {vertical-align:top}table a {font-weight:bold}.stripe td {background-color: #E6EBF9}.num {text-align:right}.passedodd td {background-color: #3F3}.passedeven td {background-color: #0A0}.skippedodd td {background-color: #DDD}.skippedeven td {background-color: #CCC}.failedodd td,.attn {background-color: #F33}.failedeven td,.stripe .attn {background-color: #D00}.stacktrace {white-space:pre;font-family:monospace}.totop {font-size:85%;text-align:center;border-bottom:2px solid #000}</style></head><body><table><tr><th>Test</th><th># Passed</th><th># Skipped</th><th># Failed</th><th>Time (ms)</th><th>Included Groups</th><th>Excluded Groups</th></tr><tr><th colspan="7">Command line suite</th></tr><tr><td><a href="#t0">Command line test</a></td><td class="num">7</td><td class="num">0</td><td class="num attn">4</td><td class="num">81,369</td><td></td><td></td></tr></table><table><thead><tr><th>Class</th><th>Method</th><th>Start</th><th>Time (ms)</th></tr></thead><tbody><tr><th colspan="4">Command line suite</th></tr></tbody><tbody id="t0"><tr><th colspan="4">Command line test &#8212; failed</th></tr><tr class="failedeven"><td rowspan="3">qa.tests.RestApiTest</td><td><a href="#m0">createUser_Post</a></td><td rowspan="1">1641712969035</td><td rowspan="1">293</td></tr><tr class="failedeven"><td><a href="#m1">deleteUser_Delete</a></td><td rowspan="1">1641712969792</td><td rowspan="1">205</td></tr><tr class="failedeven"><td><a href="#m2">getUser_GET</a></td><td rowspan="1">1641712969329</td><td rowspan="1">222</td></tr><tr class="failedodd"><td rowspan="1">qa.tests.SampleTest</td><td><a href="#m3">createAccount</a></td><td rowspan="1">1641712919812</td><td rowspan="1">47103</td></tr><tr><th colspan="4">Command line test &#8212; passed</th></tr><tr class="passedeven"><td rowspan="5">qa.tests.RestApiTest</td><td><a href="#m4">getUser_GET_afterDelete</a></td><td rowspan="1">1641712969997</td><td rowspan="1">231</td></tr><tr class="passedeven"><td><a href="#m5">get_Users</a></td><td rowspan="1">1641712915323</td><td rowspan="1">237</td></tr><tr class="passedeven"><td><a href="#m6">updateUser_Put</a></td><td rowspan="1">1641712969553</td><td rowspan="1">238</td></tr><tr class="passedeven"><td><a href="#m7">userLogin</a></td><td rowspan="1">1641712907084</td><td rowspan="1">255</td></tr><tr class="passedeven"><td><a href="#m8">userRegistration</a></td><td rowspan="1">1641712889257</td><td rowspan="1">1265</td></tr><tr class="passedodd"><td rowspan="2">qa.tests.SampleTest</td><td><a href="#m9">searchItemAndAddToCart</a></td><td rowspan="1">1641712895286</td><td rowspan="1">9866</td></tr><tr class="passedodd"><td><a href="#m10">uploadFile</a></td><td rowspan="1">1641712911616</td><td rowspan="1">2020</td></tr></tbody></table><h2>Command line test</h2><h3 id="m0">qa.tests.RestApiTest#createUser_Post</h3><table class="result"><tr><th>Exception</th></tr><tr><td><div class="stacktrace">junit.framework.AssertionFailedError: expected:&lt;201&gt; but was:&lt;400&gt;
	at junit.framework.Assert.fail(Assert.java:50)
	at junit.framework.Assert.failNotEquals(Assert.java:287)
	at junit.framework.Assert.assertEquals(Assert.java:67)
	at junit.framework.Assert.assertEquals(Assert.java:199)
	at junit.framework.Assert.assertEquals(Assert.java:205)
	at qa.tests.RestApiTest.createUser_Post(RestApiTest.java:84)
... Removed 34 stack frames</div></td></tr></table><p class="totop"><a href="#summary">back to summary</a></p><h3 id="m1">qa.tests.RestApiTest#deleteUser_Delete</h3><table class="result"><tr><th>Exception</th></tr><tr><td><div class="stacktrace">junit.framework.AssertionFailedError: expected:&lt;200&gt; but was:&lt;404&gt;
	at junit.framework.Assert.fail(Assert.java:50)
	at junit.framework.Assert.failNotEquals(Assert.java:287)
	at junit.framework.Assert.assertEquals(Assert.java:67)
	at junit.framework.Assert.assertEquals(Assert.java:199)
	at junit.framework.Assert.assertEquals(Assert.java:205)
	at qa.tests.RestApiTest.deleteUser_Delete(RestApiTest.java:122)
... Removed 34 stack frames</div></td></tr></table><p class="totop"><a href="#summary">back to summary</a></p><h3 id="m2">qa.tests.RestApiTest#getUser_GET</h3><table class="result"><tr><th>Exception</th></tr><tr><td><div class="stacktrace">junit.framework.AssertionFailedError: expected:&lt;200&gt; but was:&lt;404&gt;
	at junit.framework.Assert.fail(Assert.java:50)
	at junit.framework.Assert.failNotEquals(Assert.java:287)
	at junit.framework.Assert.assertEquals(Assert.java:67)
	at junit.framework.Assert.assertEquals(Assert.java:199)
	at junit.framework.Assert.assertEquals(Assert.java:205)
	at qa.tests.RestApiTest.getUser_GET(RestApiTest.java:94)
... Removed 34 stack frames</div></td></tr></table><p class="totop"><a href="#summary">back to summary</a></p><h3 id="m3">qa.tests.SampleTest#createAccount</h3><table class="result"><tr><th>Exception</th></tr><tr><td><div class="stacktrace">org.openqa.selenium.TimeoutException: Timed out after 30 seconds waiting for presence of element located by: By.xpath: //h1[text()=&apos;Your Account Has Been Created!&apos;]
Build info: version: &apos;2.53.0&apos;, revision: &apos;35ae25b1534ae328c771e0856c93e187490ca824&apos;, time: &apos;2016-03-15 10:43:46&apos;
System info: host: &apos;INW1PF1668EG&apos;, ip: &apos;10.80.226.4&apos;, os.name: &apos;Windows 10&apos;, os.arch: &apos;amd64&apos;, os.version: &apos;10.0&apos;, java.version: &apos;1.8.0_191-1-ojdkbuild&apos;
Driver info: org.openqa.selenium.chrome.ChromeDriver
Capabilities [{applicationCacheEnabled=false, rotatable=false, mobileEmulationEnabled=false, networkConnectionEnabled=false, chrome={chromedriverVersion=2.36.540470 (e522d04694c7ebea4ba8821272dbef4f9b818c91), userDataDir=C:\Users\avallapr\AppData\Local\Temp\scoped_dir15980_21935}, takesHeapSnapshot=true, pageLoadStrategy=normal, databaseEnabled=false, handlesAlerts=true, hasTouchScreen=false, version=97.0.4692.71, platform=XP, browserConnectionEnabled=false, nativeEvents=true, acceptSslCerts=false, acceptInsecureCerts=false, locationContextEnabled=true, webStorageEnabled=true, browserName=chrome, takesScreenshot=true, javascriptEnabled=true, cssSelectorsEnabled=true, setWindowRect=true, unexpectedAlertBehaviour=}]
Session ID: 163b2d9b8fc4a464bad5eced6efedd52
	at org.openqa.selenium.support.ui.WebDriverWait.timeoutException(WebDriverWait.java:80)
	at org.openqa.selenium.support.ui.FluentWait.until(FluentWait.java:261)
	at qa.tests.SampleTest.createAccount(SampleTest.java:102)
Caused by: org.openqa.selenium.NoSuchElementException: no such element: Unable to locate element: {&quot;method&quot;:&quot;xpath&quot;,&quot;selector&quot;:&quot;//h1[text()=&apos;Your Account Has Been Created!&apos;]&quot;}
  (Session info: chrome=97.0.4692.71)
  (Driver info: chromedriver=2.36.540470 (e522d04694c7ebea4ba8821272dbef4f9b818c91),platform=Windows NT 10.0.19042 x86_64) (WARNING: The server did not provide any stacktrace information)
Command duration or timeout: 20.08 seconds
For documentation on this error, please visit: http://seleniumhq.org/exceptions/no_such_element.html
Build info: version: &apos;2.53.0&apos;, revision: &apos;35ae25b1534ae328c771e0856c93e187490ca824&apos;, time: &apos;2016-03-15 10:43:46&apos;
System info: host: &apos;INW1PF1668EG&apos;, ip: &apos;10.80.226.4&apos;, os.name: &apos;Windows 10&apos;, os.arch: &apos;amd64&apos;, os.version: &apos;10.0&apos;, java.version: &apos;1.8.0_191-1-ojdkbuild&apos;
Driver info: org.openqa.selenium.chrome.ChromeDriver
Capabilities [{applicationCacheEnabled=false, rotatable=false, mobileEmulationEnabled=false, networkConnectionEnabled=false, chrome={chromedriverVersion=2.36.540470 (e522d04694c7ebea4ba8821272dbef4f9b818c91), userDataDir=C:\Users\avallapr\AppData\Local\Temp\scoped_dir15980_21935}, takesHeapSnapshot=true, pageLoadStrategy=normal, databaseEnabled=false, handlesAlerts=true, hasTouchScreen=false, version=97.0.4692.71, platform=XP, browserConnectionEnabled=false, nativeEvents=true, acceptSslCerts=false, acceptInsecureCerts=false, locationContextEnabled=true, webStorageEnabled=true, browserName=chrome, takesScreenshot=true, javascriptEnabled=true, cssSelectorsEnabled=true, setWindowRect=true, unexpectedAlertBehaviour=}]
Session ID: 163b2d9b8fc4a464bad5eced6efedd52
*** Element info: {Using=xpath, value=//h1[text()=&apos;Your Account Has Been Created!&apos;]}
	at org.openqa.selenium.remote.ErrorHandler.createThrowable(ErrorHandler.java:206)
	at org.openqa.selenium.remote.ErrorHandler.throwIfResponseFailed(ErrorHandler.java:158)
	at org.openqa.selenium.remote.RemoteWebDriver.execute(RemoteWebDriver.java:678)
	at org.openqa.selenium.remote.RemoteWebDriver.findElement(RemoteWebDriver.java:363)
	at org.openqa.selenium.remote.RemoteWebDriver.findElementByXPath(RemoteWebDriver.java:500)
	at org.openqa.selenium.By$ByXPath.findElement(By.java:361)
	at org.openqa.selenium.remote.RemoteWebDriver.findElement(RemoteWebDriver.java:355)
	at org.openqa.selenium.support.ui.ExpectedConditions.findElement(ExpectedConditions.java:899)
	at org.openqa.selenium.support.ui.ExpectedConditions.access$000(ExpectedConditions.java:41)
	at org.openqa.selenium.support.ui.ExpectedConditions$6.apply(ExpectedConditions.java:181)
	at org.openqa.selenium.support.ui.ExpectedConditions$6.apply(ExpectedConditions.java:178)
	at org.openqa.selenium.support.ui.FluentWait.until(FluentWait.java:238)
	... 35 more
... Removed 38 stack frames</div></td></tr></table><p class="totop"><a href="#summary">back to summary</a></p><h3 id="m4">qa.tests.RestApiTest#getUser_GET_afterDelete</h3><table class="result"></table><p class="totop"><a href="#summary">back to summary</a></p><h3 id="m5">qa.tests.RestApiTest#get_Users</h3><table class="result"></table><p class="totop"><a href="#summary">back to summary</a></p><h3 id="m6">qa.tests.RestApiTest#updateUser_Put</h3><table class="result"></table><p class="totop"><a href="#summary">back to summary</a></p><h3 id="m7">qa.tests.RestApiTest#userLogin</h3><table class="result"></table><p class="totop"><a href="#summary">back to summary</a></p><h3 id="m8">qa.tests.RestApiTest#userRegistration</h3><table class="result"></table><p class="totop"><a href="#summary">back to summary</a></p><h3 id="m9">qa.tests.SampleTest#searchItemAndAddToCart</h3><table class="result"></table><p class="totop"><a href="#summary">back to summary</a></p><h3 id="m10">qa.tests.SampleTest#uploadFile</h3><table class="result"></table><p class="totop"><a href="#summary">back to summary</a></p></body></html>